# JRE version: OpenJDK Runtime Environment (8.0_212-b03) (build 1.8.0_212-8u212-b03-0ubuntu1.16.04.1-b03)
# Java VM: OpenJDK 64-Bit Server VM (25.212-b03 mixed mode linux-amd64 compressed oops)
Heap:
 garbage-first heap   total 552960K, used 336868K [0x00000000c0000000, 0x00000000c01010e0, 0x0000000100000000)
  region size 1024K, 147 young (150528K), 5 survivors (5120K)
 Metaspace       used 164444K, capacity 179314K, committed 179624K, reserved 1206272K
  class space    used 18829K, capacity 23122K, committed 23236K, reserved 1048576K
GC Heap History (10 events):
Event: 13263,448 GC heap before
{Heap before GC invocations=225 (full 0):
 garbage-first heap   total 552960K, used 479872K [0x00000000c0000000, 0x00000000c01010e0, 0x0000000100000000)
  region size 1024K, 324 young (331776K), 7 survivors (7168K)
 Metaspace       used 163405K, capacity 177878K, committed 178216K, reserved 1204224K
  class space    used 18728K, capacity 23042K, committed 23108K, reserved 1048576K
Event: 13263,466 GC heap after
Heap after GC invocations=226 (full 0):
 garbage-first heap   total 552960K, used 154240K [0x00000000c0000000, 0x00000000c01010e0, 0x0000000100000000)
  region size 1024K, 6 young (6144K), 6 survivors (6144K)
 Metaspace       used 163405K, capacity 177878K, committed 178216K, reserved 1204224K
  class space    used 18728K, capacity 23042K, committed 23108K, reserved 1048576K
}
Event: 13482,970 GC heap before
{Heap before GC invocations=226 (full 0):
 garbage-first heap   total 552960K, used 479872K [0x00000000c0000000, 0x00000000c01010e0, 0x0000000100000000)
  region size 1024K, 324 young (331776K), 6 survivors (6144K)
 Metaspace       used 163441K, capacity 177878K, committed 178216K, reserved 1204224K
  class space    used 18734K, capacity 23042K, committed 23108K, reserved 1048576K
Event: 13482,987 GC heap after
Heap after GC invocations=227 (full 0):
 garbage-first heap   total 552960K, used 153239K [0x00000000c0000000, 0x00000000c01010e0, 0x0000000100000000)
  region size 1024K, 5 young (5120K), 5 survivors (5120K)
 Metaspace       used 163441K, capacity 177878K, committed 178216K, reserved 1204224K
  class space    used 18734K, capacity 23042K, committed 23108K, reserved 1048576K
}
Event: 13786,240 GC heap before
{Heap before GC invocations=227 (full 0):
 garbage-first heap   total 552960K, used 479895K [0x00000000c0000000, 0x00000000c01010e0, 0x0000000100000000)
  region size 1024K, 324 young (331776K), 5 survivors (5120K)
 Metaspace       used 163483K, capacity 177942K, committed 178216K, reserved 1204224K
  class space    used 18734K, capacity 23042K, committed 23108K, reserved 1048576K
Event: 13786,257 GC heap after
Heap after GC invocations=228 (full 0):
 garbage-first heap   total 552960K, used 153832K [0x00000000c0000000, 0x00000000c01010e0, 0x0000000100000000)
  region size 1024K, 5 young (5120K), 5 survivors (5120K)
 Metaspace       used 163483K, capacity 177942K, committed 178216K, reserved 1204224K
  class space    used 18734K, capacity 23042K, committed 23108K, reserved 1048576K
}
Event: 13834,664 GC heap before
{Heap before GC invocations=228 (full 0):
 garbage-first heap   total 552960K, used 480488K [0x00000000c0000000, 0x00000000c01010e0, 0x0000000100000000)
  region size 1024K, 324 young (331776K), 5 survivors (5120K)
 Metaspace       used 163512K, capacity 178012K, committed 178216K, reserved 1204224K
  class space    used 18735K, capacity 23043K, committed 23108K, reserved 1048576K
Event: 13834,681 GC heap after
Heap after GC invocations=229 (full 0):
 garbage-first heap   total 552960K, used 153923K [0x00000000c0000000, 0x00000000c01010e0, 0x0000000100000000)
  region size 1024K, 5 young (5120K), 5 survivors (5120K)
 Metaspace       used 163512K, capacity 178012K, committed 178216K, reserved 1204224K
  class space    used 18735K, capacity 23043K, committed 23108K, reserved 1048576K
}
Event: 13954,005 GC heap before
{Heap before GC invocations=229 (full 0):
 garbage-first heap   total 552960K, used 480579K [0x00000000c0000000, 0x00000000c01010e0, 0x0000000100000000)
  region size 1024K, 324 young (331776K), 5 survivors (5120K)
 Metaspace       used 163610K, capacity 178144K, committed 178472K, reserved 1204224K
  class space    used 18735K, capacity 23043K, committed 23108K, reserved 1048576K
Event: 13954,021 GC heap after
Heap after GC invocations=230 (full 0):
 garbage-first heap   total 552960K, used 154806K [0x00000000c0000000, 0x00000000c01010e0, 0x0000000100000000)
  region size 1024K, 5 young (5120K), 5 survivors (5120K)
 Metaspace       used 163610K, capacity 178144K, committed 178472K, reserved 1204224K
  class space    used 18735K, capacity 23043K, committed 23108K, reserved 1048576K
}

