# JRE version: OpenJDK Runtime Environment (8.0_212-b03) (build 1.8.0_212-8u212-b03-0ubuntu1.16.04.1-b03)
# Java VM: OpenJDK 64-Bit Server VM (25.212-b03 mixed mode linux-amd64 compressed oops)
Heap:
 garbage-first heap   total 508928K, used 260173K [0x00000000c0000000, 0x00000000c0100f88, 0x0000000100000000)
  region size 1024K, 25 young (25600K), 7 survivors (7168K)
 Metaspace       used 154758K, capacity 168292K, committed 169496K, reserved 1196032K
  class space    used 17936K, capacity 21845K, committed 22344K, reserved 1048576K
GC Heap History (10 events):
Event: 1754,966 GC heap before
{Heap before GC invocations=134 (full 5):
 garbage-first heap   total 508928K, used 447555K [0x00000000c0000000, 0x00000000c0100f88, 0x0000000100000000)
  region size 1024K, 222 young (227328K), 3 survivors (3072K)
 Metaspace       used 154048K, capacity 167730K, committed 169240K, reserved 1196032K
  class space    used 17929K, capacity 21958K, committed 22344K, reserved 1048576K
Event: 1754,989 GC heap after
Heap after GC invocations=135 (full 5):
 garbage-first heap   total 508928K, used 223299K [0x00000000c0000000, 0x00000000c0100f88, 0x0000000100000000)
  region size 1024K, 3 young (3072K), 3 survivors (3072K)
 Metaspace       used 154048K, capacity 167730K, committed 169240K, reserved 1196032K
  class space    used 17929K, capacity 21958K, committed 22344K, reserved 1048576K
}
Event: 1790,155 GC heap before
{Heap before GC invocations=135 (full 5):
 garbage-first heap   total 508928K, used 448579K [0x00000000c0000000, 0x00000000c0100f88, 0x0000000100000000)
  region size 1024K, 223 young (228352K), 3 survivors (3072K)
 Metaspace       used 154073K, capacity 167730K, committed 169240K, reserved 1196032K
  class space    used 17929K, capacity 21958K, committed 22344K, reserved 1048576K
Event: 1790,174 GC heap after
Heap after GC invocations=136 (full 5):
 garbage-first heap   total 508928K, used 223113K [0x00000000c0000000, 0x00000000c0100f88, 0x0000000100000000)
  region size 1024K, 3 young (3072K), 3 survivors (3072K)
 Metaspace       used 154073K, capacity 167730K, committed 169240K, reserved 1196032K
  class space    used 17929K, capacity 21958K, committed 22344K, reserved 1048576K
}
Event: 2350,708 GC heap before
{Heap before GC invocations=136 (full 5):
 garbage-first heap   total 508928K, used 449417K [0x00000000c0000000, 0x00000000c0100f88, 0x0000000100000000)
  region size 1024K, 224 young (229376K), 3 survivors (3072K)
 Metaspace       used 154241K, capacity 168010K, committed 169240K, reserved 1196032K
  class space    used 17931K, capacity 21962K, committed 22344K, reserved 1048576K
Event: 2350,727 GC heap after
Heap after GC invocations=137 (full 5):
 garbage-first heap   total 508928K, used 224150K [0x00000000c0000000, 0x00000000c0100f88, 0x0000000100000000)
  region size 1024K, 4 young (4096K), 4 survivors (4096K)
 Metaspace       used 154241K, capacity 168010K, committed 169240K, reserved 1196032K
  class space    used 17931K, capacity 21962K, committed 22344K, reserved 1048576K
}
Event: 3010,518 GC heap before
{Heap before GC invocations=137 (full 5):
 garbage-first heap   total 508928K, used 449430K [0x00000000c0000000, 0x00000000c0100f88, 0x0000000100000000)
  region size 1024K, 224 young (229376K), 4 survivors (4096K)
 Metaspace       used 154308K, capacity 168074K, committed 169240K, reserved 1196032K
  class space    used 17932K, capacity 21962K, committed 22344K, reserved 1048576K
Event: 3010,537 GC heap after
Heap after GC invocations=138 (full 5):
 garbage-first heap   total 508928K, used 225859K [0x00000000c0000000, 0x00000000c0100f88, 0x0000000100000000)
  region size 1024K, 5 young (5120K), 5 survivors (5120K)
 Metaspace       used 154308K, capacity 168074K, committed 169240K, reserved 1196032K
  class space    used 17932K, capacity 21962K, committed 22344K, reserved 1048576K
}
Event: 3362,093 GC heap before
{Heap before GC invocations=138 (full 5):
 garbage-first heap   total 508928K, used 333167K [0x00000000c0000000, 0x00000000c0100f88, 0x0000000100000000)
  region size 1024K, 106 young (108544K), 5 survivors (5120K)
 Metaspace       used 155138K, capacity 169012K, committed 169496K, reserved 1196032K
  class space    used 18021K, capacity 22068K, committed 22344K, reserved 1048576K
Event: 3362,116 GC heap after
Heap after GC invocations=139 (full 5):
 garbage-first heap   total 508928K, used 227395K [0x00000000c0000000, 0x00000000c0100f88, 0x0000000100000000)
  region size 1024K, 7 young (7168K), 7 survivors (7168K)
 Metaspace       used 155138K, capacity 169012K, committed 169496K, reserved 1196032K
  class space    used 18021K, capacity 22068K, committed 22344K, reserved 1048576K
}

