# JRE version: OpenJDK Runtime Environment (8.0_212-b03) (build 1.8.0_212-8u212-b03-0ubuntu1.16.04.1-b03)
# Java VM: OpenJDK 64-Bit Server VM (25.212-b03 mixed mode linux-amd64 compressed oops)
Heap:
 garbage-first heap   total 551936K, used 489168K [0x00000000c0000000, 0x00000000c01010d8, 0x0000000100000000)
  region size 1024K, 288 young (294912K), 9 survivors (9216K)
 Metaspace       used 161834K, capacity 176412K, committed 176708K, reserved 1204224K
  class space    used 18600K, capacity 22807K, committed 22880K, reserved 1048576K
GC Heap History (10 events):
Event: 8249,722 GC heap before
{Heap before GC invocations=222 (full 0):
 garbage-first heap   total 551936K, used 482944K [0x00000000c0000000, 0x00000000c01010d8, 0x0000000100000000)
  region size 1024K, 322 young (329728K), 10 survivors (10240K)
 Metaspace       used 160564K, capacity 174698K, committed 175044K, reserved 1202176K
  class space    used 18478K, capacity 22671K, committed 22752K, reserved 1048576K
Event: 8249,746 GC heap after
Heap after GC invocations=223 (full 0):
 garbage-first heap   total 551936K, used 164662K [0x00000000c0000000, 0x00000000c01010d8, 0x0000000100000000)
  region size 1024K, 11 young (11264K), 11 survivors (11264K)
 Metaspace       used 160564K, capacity 174698K, committed 175044K, reserved 1202176K
  class space    used 18478K, capacity 22671K, committed 22752K, reserved 1048576K
}
Event: 8382,621 GC heap before
{Heap before GC invocations=223 (full 0):
 garbage-first heap   total 551936K, used 482102K [0x00000000c0000000, 0x00000000c01010d8, 0x0000000100000000)
  region size 1024K, 321 young (328704K), 11 survivors (11264K)
 Metaspace       used 160581K, capacity 174698K, committed 175044K, reserved 1202176K
  class space    used 18479K, capacity 22671K, committed 22752K, reserved 1048576K
Event: 8382,648 GC heap after
Heap after GC invocations=224 (full 0):
 garbage-first heap   total 551936K, used 164233K [0x00000000c0000000, 0x00000000c01010d8, 0x0000000100000000)
  region size 1024K, 10 young (10240K), 10 survivors (10240K)
 Metaspace       used 160581K, capacity 174698K, committed 175044K, reserved 1202176K
  class space    used 18479K, capacity 22671K, committed 22752K, reserved 1048576K
}
Event: 9339,981 GC heap before
{Heap before GC invocations=224 (full 0):
 garbage-first heap   total 551936K, used 483721K [0x00000000c0000000, 0x00000000c01010d8, 0x0000000100000000)
  region size 1024K, 322 young (329728K), 10 survivors (10240K)
 Metaspace       used 160929K, capacity 175050K, committed 175300K, reserved 1202176K
  class space    used 18509K, capacity 22703K, committed 22752K, reserved 1048576K
Event: 9340,008 GC heap after
Heap after GC invocations=225 (full 0):
 garbage-first heap   total 551936K, used 166302K [0x00000000c0000000, 0x00000000c01010d8, 0x0000000100000000)
  region size 1024K, 12 young (12288K), 12 survivors (12288K)
 Metaspace       used 160929K, capacity 175050K, committed 175300K, reserved 1202176K
  class space    used 18509K, capacity 22703K, committed 22752K, reserved 1048576K
}
Event: 9414,005 GC heap before
{Heap before GC invocations=225 (full 0):
 garbage-first heap   total 551936K, used 481694K [0x00000000c0000000, 0x00000000c01010d8, 0x0000000100000000)
  region size 1024K, 320 young (327680K), 12 survivors (12288K)
 Metaspace       used 160983K, capacity 175178K, committed 175300K, reserved 1202176K
  class space    used 18509K, capacity 22703K, committed 22752K, reserved 1048576K
Event: 9414,030 GC heap after
Heap after GC invocations=226 (full 0):
 garbage-first heap   total 551936K, used 165038K [0x00000000c0000000, 0x00000000c01010d8, 0x0000000100000000)
  region size 1024K, 9 young (9216K), 9 survivors (9216K)
 Metaspace       used 160983K, capacity 175178K, committed 175300K, reserved 1202176K
  class space    used 18509K, capacity 22703K, committed 22752K, reserved 1048576K
}
Event: 9664,976 GC heap before
{Heap before GC invocations=226 (full 0):
 garbage-first heap   total 551936K, used 483502K [0x00000000c0000000, 0x00000000c01010d8, 0x0000000100000000)
  region size 1024K, 320 young (327680K), 9 survivors (9216K)
 Metaspace       used 161023K, capacity 175178K, committed 175300K, reserved 1202176K
  class space    used 18509K, capacity 22703K, committed 22752K, reserved 1048576K
Event: 9665,005 GC heap after
Heap after GC invocations=227 (full 0):
 garbage-first heap   total 551936K, used 166819K [0x00000000c0000000, 0x00000000c01010d8, 0x0000000100000000)
  region size 1024K, 9 young (9216K), 9 survivors (9216K)
 Metaspace       used 161023K, capacity 175178K, committed 175300K, reserved 1202176K
  class space    used 18509K, capacity 22703K, committed 22752K, reserved 1048576K
}

